[2014-09-16 09:19:34] gemset_import_list
gemset_import_list () 
{ 
    typeset line;
    for line in "$@";
    do
        gem_install $line || rvm_error "there was an error installing gem $line";
    done
}
current path: /home/cabox/.rvm/src/rvm
GEM_HOME=/home/cabox/.rvm/gems/ruby-2.1.2@global
PATH=/home/cabox/.rvm/gems/ruby-2.1.2@global/bin:/home/cabox/.rvm/rubies/ruby-2.1.2/bin:/home/cabox/.rvm/bin:/usr/local/sbin:/usr/local/bin:/usr/sbin:/usr/bin:/sbin:/bin:/usr/games:/usr/local/games
GEM_PATH=/home/cabox/.rvm/gems/ruby-2.1.2@global
command(6): gemset_import_list gem-wrappers rubygems-bundler bundler rake rvm
+ /scripts/functions/gemset : gemset_import_list()  227 > typeset line
+ /scripts/functions/gemset : gemset_import_list()  228 > for line in '"$@"'
+ /scripts/functions/gemset : gemset_import_list()  229 > gem_install gem-wrappers
+ /scripts/functions/gemset : gem_install()  137 > typeset gem_name gem_version version_check
+ /scripts/functions/gemset : gem_install()  139 > gem_version=
+ /scripts/functions/gemset : gem_install()  140 > __rvm_parse_gems_args gem-wrappers
+ /scripts/functions/gemset : __rvm_parse_gems_args()  94 > typeset gem=gem-wrappers
+ /scripts/functions/gemset : __rvm_parse_gems_args()  96 > __rvm_string_match gem-wrappers '*.gem$'
+ /scripts/functions/support : __rvm_string_match()  35 > typeset _string
+ /scripts/functions/support : __rvm_string_match()  36 > _string=gem-wrappers
+ /scripts/functions/support : __rvm_string_match()  37 > shift
+ /scripts/functions/support : __rvm_string_match()  38 > ((  1  ))
+ /scripts/functions/support : __rvm_string_match()  40 > case "${_string}" in
+ /scripts/functions/support : __rvm_string_match()  43 > shift
+ /scripts/functions/support : __rvm_string_match()  38 > ((  0  ))
+ /scripts/functions/support : __rvm_string_match()  45 > return 1
+ /scripts/functions/gemset : __rvm_parse_gems_args()  101 > gem_name=gem-wrappers
+ /scripts/functions/gemset : __rvm_parse_gems_args()  102 > case "$gem" in
+ /scripts/functions/gemset : gem_install()  142 > [[ -z '' ]]
+ /scripts/functions/gemset : gem_install()  143 > __rvm_db gem_gem-wrappers_version gem_version
+ /scripts/functions/db : __rvm_db()  27 > typeset value key variable
+ /scripts/functions/db : __rvm_db()  28 > key=gem_gem-wrappers_version
+ /scripts/functions/db : __rvm_db()  29 > key=gem_gem-wrappers_version
+ /scripts/functions/db : __rvm_db()  30 > variable=gem_version
+ /scripts/functions/db : __rvm_db()  31 > value=
+ /scripts/functions/db : __rvm_db()  33 > [[ -f /home/cabox/.rvm/user/db ]]
++ /scripts/functions/db : __rvm_db()  34 > __rvm_db_ /home/cabox/.rvm/user/db gem_gem-wrappers_version
++ /scripts/functions/db : __rvm_db_()  78 > typeset __db __key __value
++ /scripts/functions/db : __rvm_db_()  79 > __db=/home/cabox/.rvm/user/db
++ /scripts/functions/db : __rvm_db_()  80 > __key=gem_gem-wrappers_version
++ /scripts/functions/db : __rvm_db_()  81 > shift 2
++ /scripts/functions/db : __rvm_db_()  82 > __value=
++ /scripts/functions/db : __rvm_db_()  83 > case "${__value}" in
++ /scripts/functions/db : __rvm_db_()  88 > __rvm_db_get /home/cabox/.rvm/user/db gem_gem-wrappers_version
++ /scripts/functions/db : __rvm_db_get()  70 > [[ -f /home/cabox/.rvm/user/db ]]
++ /scripts/functions/db : __rvm_db_get()  71 > __rvm_sed -n -e '\#^gem_gem-wrappers_version=# { s#^gem_gem-wrappers_version=##;; p; }' -e '/^$/d'
++ /scripts/functions/support : __rvm_sed()  254 > sed -n -e '\#^gem_gem-wrappers_version=# { s#^gem_gem-wrappers_version=##;; p; }' -e '/^$/d'
+ /scripts/functions/db : __rvm_db()  34 > value=
+ /scripts/functions/db : __rvm_db()  36 > [[ -z '' ]]
+ /scripts/functions/db : __rvm_db()  36 > [[ -f /home/cabox/.rvm/config/db ]]
++ /scripts/functions/db : __rvm_db()  37 > __rvm_db_ /home/cabox/.rvm/config/db gem_gem-wrappers_version
++ /scripts/functions/db : __rvm_db_()  78 > typeset __db __key __value
++ /scripts/functions/db : __rvm_db_()  79 > __db=/home/cabox/.rvm/config/db
++ /scripts/functions/db : __rvm_db_()  80 > __key=gem_gem-wrappers_version
++ /scripts/functions/db : __rvm_db_()  81 > shift 2
++ /scripts/functions/db : __rvm_db_()  82 > __value=
++ /scripts/functions/db : __rvm_db_()  83 > case "${__value}" in
++ /scripts/functions/db : __rvm_db_()  88 > __rvm_db_get /home/cabox/.rvm/config/db gem_gem-wrappers_version
++ /scripts/functions/db : __rvm_db_get()  70 > [[ -f /home/cabox/.rvm/config/db ]]
++ /scripts/functions/db : __rvm_db_get()  71 > __rvm_sed -n -e '\#^gem_gem-wrappers_version=# { s#^gem_gem-wrappers_version=##;; p; }' -e '/^$/d'
++ /scripts/functions/support : __rvm_sed()  254 > sed -n -e '\#^gem_gem-wrappers_version=# { s#^gem_gem-wrappers_version=##;; p; }' -e '/^$/d'
+ /scripts/functions/db : __rvm_db()  37 > value='>=1.2.4'
+ /scripts/functions/db : __rvm_db()  39 > [[ -n >=1.2.4 ]]
+ /scripts/functions/db : __rvm_db()  40 > [[ -n gem_version ]]
+ /scripts/functions/db : __rvm_db()  41 > eval 'gem_version='\''>=1.2.4'\'''
++ /scripts/functions/db : __rvm_db()  41 > gem_version='>=1.2.4'
+ /scripts/functions/db : __rvm_db()  44 > true
+ /scripts/functions/gemset : gem_install()  147 > ((  0 == 0  ))
+ /scripts/functions/gemset : gem_install()  147 > is_gem_installed
+ /scripts/functions/gemset : is_gem_installed()  119 > typeset gem_spec
+ /scripts/functions/gemset : is_gem_installed()  120 > gem_spec='gem '\''gem-wrappers'\'''
+ /scripts/functions/gemset : is_gem_installed()  122 > [[ -n >=1.2.4 ]]
+ /scripts/functions/gemset : is_gem_installed()  124 > gem_spec+=', '\''>=1.2.4'\'''
+ /scripts/functions/gemset : is_gem_installed()  125 > version_check=1.2.4
+ /scripts/functions/gemset : is_gem_installed()  129 > ls -ld /home/cabox/.rvm/gems/ruby-2.1.2@global/gems/gem-wrappers-1.2.4
+ /scripts/functions/gemset : is_gem_installed()  130 > /home/cabox/.rvm/rubies/ruby-2.1.2/bin/ruby -rrubygems -e 'gem '\''gem-wrappers'\'', '\''>=1.2.4'\'''
+ /scripts/functions/gemset : gem_install()  149 > rvm_log 'gem gem-wrappers >=1.2.4 is already installed'
+ /scripts/functions/logging : rvm_log()  163 > rvm_pretty_print stdout
+ /scripts/functions/logging : rvm_pretty_print()  73 > case "${rvm_pretty_print_flag:=auto}" in
+ /scripts/functions/logging : rvm_pretty_print()  78 > case "${TERM:-dumb}" in
+ /scripts/functions/logging : rvm_pretty_print()  81 > case "$1" in
+ /scripts/functions/logging : rvm_pretty_print()  82 > [[ -t 1 ]]
+ /scripts/functions/logging : rvm_pretty_print()  82 > return 1
+ /scripts/functions/logging : rvm_log()  165 > printf %b 'gem gem-wrappers >=1.2.4 is already installed\n'
gem gem-wrappers >=1.2.4 is already installed
+ /scripts/functions/gemset : gem_install()  150 > return 0
+ /scripts/functions/gemset : gemset_import_list()  228 > for line in '"$@"'
+ /scripts/functions/gemset : gemset_import_list()  229 > gem_install rubygems-bundler
+ /scripts/functions/gemset : gem_install()  137 > typeset gem_name gem_version version_check
+ /scripts/functions/gemset : gem_install()  139 > gem_version=
+ /scripts/functions/gemset : gem_install()  140 > __rvm_parse_gems_args rubygems-bundler
+ /scripts/functions/gemset : __rvm_parse_gems_args()  94 > typeset gem=rubygems-bundler
+ /scripts/functions/gemset : __rvm_parse_gems_args()  96 > __rvm_string_match rubygems-bundler '*.gem$'
+ /scripts/functions/support : __rvm_string_match()  35 > typeset _string
+ /scripts/functions/support : __rvm_string_match()  36 > _string=rubygems-bundler
+ /scripts/functions/support : __rvm_string_match()  37 > shift
+ /scripts/functions/support : __rvm_string_match()  38 > ((  1  ))
+ /scripts/functions/support : __rvm_string_match()  40 > case "${_string}" in
+ /scripts/functions/support : __rvm_string_match()  43 > shift
+ /scripts/functions/support : __rvm_string_match()  38 > ((  0  ))
+ /scripts/functions/support : __rvm_string_match()  45 > return 1
+ /scripts/functions/gemset : __rvm_parse_gems_args()  101 > gem_name=rubygems-bundler
+ /scripts/functions/gemset : __rvm_parse_gems_args()  102 > case "$gem" in
+ /scripts/functions/gemset : gem_install()  142 > [[ -z '' ]]
+ /scripts/functions/gemset : gem_install()  143 > __rvm_db gem_rubygems-bundler_version gem_version
+ /scripts/functions/db : __rvm_db()  27 > typeset value key variable
+ /scripts/functions/db : __rvm_db()  28 > key=gem_rubygems-bundler_version
+ /scripts/functions/db : __rvm_db()  29 > key=gem_rubygems-bundler_version
+ /scripts/functions/db : __rvm_db()  30 > variable=gem_version
+ /scripts/functions/db : __rvm_db()  31 > value=
+ /scripts/functions/db : __rvm_db()  33 > [[ -f /home/cabox/.rvm/user/db ]]
++ /scripts/functions/db : __rvm_db()  34 > __rvm_db_ /home/cabox/.rvm/user/db gem_rubygems-bundler_version
++ /scripts/functions/db : __rvm_db_()  78 > typeset __db __key __value
++ /scripts/functions/db : __rvm_db_()  79 > __db=/home/cabox/.rvm/user/db
++ /scripts/functions/db : __rvm_db_()  80 > __key=gem_rubygems-bundler_version
++ /scripts/functions/db : __rvm_db_()  81 > shift 2
++ /scripts/functions/db : __rvm_db_()  82 > __value=
++ /scripts/functions/db : __rvm_db_()  83 > case "${__value}" in
++ /scripts/functions/db : __rvm_db_()  88 > __rvm_db_get /home/cabox/.rvm/user/db gem_rubygems-bundler_version
++ /scripts/functions/db : __rvm_db_get()  70 > [[ -f /home/cabox/.rvm/user/db ]]
++ /scripts/functions/db : __rvm_db_get()  71 > __rvm_sed -n -e '\#^gem_rubygems-bundler_version=# { s#^gem_rubygems-bundler_version=##;; p; }' -e '/^$/d'
++ /scripts/functions/support : __rvm_sed()  254 > sed -n -e '\#^gem_rubygems-bundler_version=# { s#^gem_rubygems-bundler_version=##;; p; }' -e '/^$/d'
+ /scripts/functions/db : __rvm_db()  34 > value=
+ /scripts/functions/db : __rvm_db()  36 > [[ -z '' ]]
+ /scripts/functions/db : __rvm_db()  36 > [[ -f /home/cabox/.rvm/config/db ]]
++ /scripts/functions/db : __rvm_db()  37 > __rvm_db_ /home/cabox/.rvm/config/db gem_rubygems-bundler_version
++ /scripts/functions/db : __rvm_db_()  78 > typeset __db __key __value
++ /scripts/functions/db : __rvm_db_()  79 > __db=/home/cabox/.rvm/config/db
++ /scripts/functions/db : __rvm_db_()  80 > __key=gem_rubygems-bundler_version
++ /scripts/functions/db : __rvm_db_()  81 > shift 2
++ /scripts/functions/db : __rvm_db_()  82 > __value=
++ /scripts/functions/db : __rvm_db_()  83 > case "${__value}" in
++ /scripts/functions/db : __rvm_db_()  88 > __rvm_db_get /home/cabox/.rvm/config/db gem_rubygems-bundler_version
++ /scripts/functions/db : __rvm_db_get()  70 > [[ -f /home/cabox/.rvm/config/db ]]
++ /scripts/functions/db : __rvm_db_get()  71 > __rvm_sed -n -e '\#^gem_rubygems-bundler_version=# { s#^gem_rubygems-bundler_version=##;; p; }' -e '/^$/d'
++ /scripts/functions/support : __rvm_sed()  254 > sed -n -e '\#^gem_rubygems-bundler_version=# { s#^gem_rubygems-bundler_version=##;; p; }' -e '/^$/d'
+ /scripts/functions/db : __rvm_db()  37 > value=
+ /scripts/functions/db : __rvm_db()  39 > [[ -n '' ]]
+ /scripts/functions/db : __rvm_db()  39 > return 1
+ /scripts/functions/gemset : gem_install()  147 > ((  0 == 0  ))
+ /scripts/functions/gemset : gem_install()  147 > is_gem_installed
+ /scripts/functions/gemset : is_gem_installed()  119 > typeset gem_spec
+ /scripts/functions/gemset : is_gem_installed()  120 > gem_spec='gem '\''rubygems-bundler'\'''
+ /scripts/functions/gemset : is_gem_installed()  122 > [[ -n '' ]]
+ /scripts/functions/gemset : is_gem_installed()  127 > version_check='*([[:digit:]\.])'
+ /scripts/functions/gemset : is_gem_installed()  129 > ls -ld /home/cabox/.rvm/gems/ruby-2.1.2@global/gems/rubygems-bundler-1.4.4
+ /scripts/functions/gemset : gem_install()  149 > rvm_log 'gem rubygems-bundler  is already installed'
+ /scripts/functions/logging : rvm_log()  163 > rvm_pretty_print stdout
+ /scripts/functions/logging : rvm_pretty_print()  73 > case "${rvm_pretty_print_flag:=auto}" in
+ /scripts/functions/logging : rvm_pretty_print()  78 > case "${TERM:-dumb}" in
+ /scripts/functions/logging : rvm_pretty_print()  81 > case "$1" in
+ /scripts/functions/logging : rvm_pretty_print()  82 > [[ -t 1 ]]
+ /scripts/functions/logging : rvm_pretty_print()  82 > return 1
+ /scripts/functions/logging : rvm_log()  165 > printf %b 'gem rubygems-bundler  is already installed\n'
gem rubygems-bundler  is already installed
+ /scripts/functions/gemset : gem_install()  150 > return 0
+ /scripts/functions/gemset : gemset_import_list()  228 > for line in '"$@"'
+ /scripts/functions/gemset : gemset_import_list()  229 > gem_install bundler
+ /scripts/functions/gemset : gem_install()  137 > typeset gem_name gem_version version_check
+ /scripts/functions/gemset : gem_install()  139 > gem_version=
+ /scripts/functions/gemset : gem_install()  140 > __rvm_parse_gems_args bundler
+ /scripts/functions/gemset : __rvm_parse_gems_args()  94 > typeset gem=bundler
+ /scripts/functions/gemset : __rvm_parse_gems_args()  96 > __rvm_string_match bundler '*.gem$'
+ /scripts/functions/support : __rvm_string_match()  35 > typeset _string
+ /scripts/functions/support : __rvm_string_match()  36 > _string=bundler
+ /scripts/functions/support : __rvm_string_match()  37 > shift
+ /scripts/functions/support : __rvm_string_match()  38 > ((  1  ))
+ /scripts/functions/support : __rvm_string_match()  40 > case "${_string}" in
+ /scripts/functions/support : __rvm_string_match()  43 > shift
+ /scripts/functions/support : __rvm_string_match()  38 > ((  0  ))
+ /scripts/functions/support : __rvm_string_match()  45 > return 1
+ /scripts/functions/gemset : __rvm_parse_gems_args()  101 > gem_name=bundler
+ /scripts/functions/gemset : __rvm_parse_gems_args()  102 > case "$gem" in
+ /scripts/functions/gemset : gem_install()  142 > [[ -z '' ]]
+ /scripts/functions/gemset : gem_install()  143 > __rvm_db gem_bundler_version gem_version
+ /scripts/functions/db : __rvm_db()  27 > typeset value key variable
+ /scripts/functions/db : __rvm_db()  28 > key=gem_bundler_version
+ /scripts/functions/db : __rvm_db()  29 > key=gem_bundler_version
+ /scripts/functions/db : __rvm_db()  30 > variable=gem_version
+ /scripts/functions/db : __rvm_db()  31 > value=
+ /scripts/functions/db : __rvm_db()  33 > [[ -f /home/cabox/.rvm/user/db ]]
++ /scripts/functions/db : __rvm_db()  34 > __rvm_db_ /home/cabox/.rvm/user/db gem_bundler_version
++ /scripts/functions/db : __rvm_db_()  78 > typeset __db __key __value
++ /scripts/functions/db : __rvm_db_()  79 > __db=/home/cabox/.rvm/user/db
++ /scripts/functions/db : __rvm_db_()  80 > __key=gem_bundler_version
++ /scripts/functions/db : __rvm_db_()  81 > shift 2
++ /scripts/functions/db : __rvm_db_()  82 > __value=
++ /scripts/functions/db : __rvm_db_()  83 > case "${__value}" in
++ /scripts/functions/db : __rvm_db_()  88 > __rvm_db_get /home/cabox/.rvm/user/db gem_bundler_version
++ /scripts/functions/db : __rvm_db_get()  70 > [[ -f /home/cabox/.rvm/user/db ]]
++ /scripts/functions/db : __rvm_db_get()  71 > __rvm_sed -n -e '\#^gem_bundler_version=# { s#^gem_bundler_version=##;; p; }' -e '/^$/d'
++ /scripts/functions/support : __rvm_sed()  254 > sed -n -e '\#^gem_bundler_version=# { s#^gem_bundler_version=##;; p; }' -e '/^$/d'
+ /scripts/functions/db : __rvm_db()  34 > value=
+ /scripts/functions/db : __rvm_db()  36 > [[ -z '' ]]
+ /scripts/functions/db : __rvm_db()  36 > [[ -f /home/cabox/.rvm/config/db ]]
++ /scripts/functions/db : __rvm_db()  37 > __rvm_db_ /home/cabox/.rvm/config/db gem_bundler_version
++ /scripts/functions/db : __rvm_db_()  78 > typeset __db __key __value
++ /scripts/functions/db : __rvm_db_()  79 > __db=/home/cabox/.rvm/config/db
++ /scripts/functions/db : __rvm_db_()  80 > __key=gem_bundler_version
++ /scripts/functions/db : __rvm_db_()  81 > shift 2
++ /scripts/functions/db : __rvm_db_()  82 > __value=
++ /scripts/functions/db : __rvm_db_()  83 > case "${__value}" in
++ /scripts/functions/db : __rvm_db_()  88 > __rvm_db_get /home/cabox/.rvm/config/db gem_bundler_version
++ /scripts/functions/db : __rvm_db_get()  70 > [[ -f /home/cabox/.rvm/config/db ]]
++ /scripts/functions/db : __rvm_db_get()  71 > __rvm_sed -n -e '\#^gem_bundler_version=# { s#^gem_bundler_version=##;; p; }' -e '/^$/d'
++ /scripts/functions/support : __rvm_sed()  254 > sed -n -e '\#^gem_bundler_version=# { s#^gem_bundler_version=##;; p; }' -e '/^$/d'
+ /scripts/functions/db : __rvm_db()  37 > value=
+ /scripts/functions/db : __rvm_db()  39 > [[ -n '' ]]
+ /scripts/functions/db : __rvm_db()  39 > return 1
+ /scripts/functions/gemset : gem_install()  147 > ((  0 == 0  ))
+ /scripts/functions/gemset : gem_install()  147 > is_gem_installed
+ /scripts/functions/gemset : is_gem_installed()  119 > typeset gem_spec
+ /scripts/functions/gemset : is_gem_installed()  120 > gem_spec='gem '\''bundler'\'''
+ /scripts/functions/gemset : is_gem_installed()  122 > [[ -n '' ]]
+ /scripts/functions/gemset : is_gem_installed()  127 > version_check='*([[:digit:]\.])'
+ /scripts/functions/gemset : is_gem_installed()  129 > ls -ld /home/cabox/.rvm/gems/ruby-2.1.2@global/gems/bundler-1.6.2
+ /scripts/functions/gemset : gem_install()  149 > rvm_log 'gem bundler  is already installed'
+ /scripts/functions/logging : rvm_log()  163 > rvm_pretty_print stdout
+ /scripts/functions/logging : rvm_pretty_print()  73 > case "${rvm_pretty_print_flag:=auto}" in
+ /scripts/functions/logging : rvm_pretty_print()  78 > case "${TERM:-dumb}" in
+ /scripts/functions/logging : rvm_pretty_print()  81 > case "$1" in
+ /scripts/functions/logging : rvm_pretty_print()  82 > [[ -t 1 ]]
+ /scripts/functions/logging : rvm_pretty_print()  82 > return 1
+ /scripts/functions/logging : rvm_log()  165 > printf %b 'gem bundler  is already installed\n'
gem bundler  is already installed
+ /scripts/functions/gemset : gem_install()  150 > return 0
+ /scripts/functions/gemset : gemset_import_list()  228 > for line in '"$@"'
+ /scripts/functions/gemset : gemset_import_list()  229 > gem_install rake
+ /scripts/functions/gemset : gem_install()  137 > typeset gem_name gem_version version_check
+ /scripts/functions/gemset : gem_install()  139 > gem_version=
+ /scripts/functions/gemset : gem_install()  140 > __rvm_parse_gems_args rake
+ /scripts/functions/gemset : __rvm_parse_gems_args()  94 > typeset gem=rake
+ /scripts/functions/gemset : __rvm_parse_gems_args()  96 > __rvm_string_match rake '*.gem$'
+ /scripts/functions/support : __rvm_string_match()  35 > typeset _string
+ /scripts/functions/support : __rvm_string_match()  36 > _string=rake
+ /scripts/functions/support : __rvm_string_match()  37 > shift
+ /scripts/functions/support : __rvm_string_match()  38 > ((  1  ))
+ /scripts/functions/support : __rvm_string_match()  40 > case "${_string}" in
+ /scripts/functions/support : __rvm_string_match()  43 > shift
+ /scripts/functions/support : __rvm_string_match()  38 > ((  0  ))
+ /scripts/functions/support : __rvm_string_match()  45 > return 1
+ /scripts/functions/gemset : __rvm_parse_gems_args()  101 > gem_name=rake
+ /scripts/functions/gemset : __rvm_parse_gems_args()  102 > case "$gem" in
+ /scripts/functions/gemset : gem_install()  142 > [[ -z '' ]]
+ /scripts/functions/gemset : gem_install()  143 > __rvm_db gem_rake_version gem_version
+ /scripts/functions/db : __rvm_db()  27 > typeset value key variable
+ /scripts/functions/db : __rvm_db()  28 > key=gem_rake_version
+ /scripts/functions/db : __rvm_db()  29 > key=gem_rake_version
+ /scripts/functions/db : __rvm_db()  30 > variable=gem_version
+ /scripts/functions/db : __rvm_db()  31 > value=
+ /scripts/functions/db : __rvm_db()  33 > [[ -f /home/cabox/.rvm/user/db ]]
++ /scripts/functions/db : __rvm_db()  34 > __rvm_db_ /home/cabox/.rvm/user/db gem_rake_version
++ /scripts/functions/db : __rvm_db_()  78 > typeset __db __key __value
++ /scripts/functions/db : __rvm_db_()  79 > __db=/home/cabox/.rvm/user/db
++ /scripts/functions/db : __rvm_db_()  80 > __key=gem_rake_version
++ /scripts/functions/db : __rvm_db_()  81 > shift 2
++ /scripts/functions/db : __rvm_db_()  82 > __value=
++ /scripts/functions/db : __rvm_db_()  83 > case "${__value}" in
++ /scripts/functions/db : __rvm_db_()  88 > __rvm_db_get /home/cabox/.rvm/user/db gem_rake_version
++ /scripts/functions/db : __rvm_db_get()  70 > [[ -f /home/cabox/.rvm/user/db ]]
++ /scripts/functions/db : __rvm_db_get()  71 > __rvm_sed -n -e '\#^gem_rake_version=# { s#^gem_rake_version=##;; p; }' -e '/^$/d'
++ /scripts/functions/support : __rvm_sed()  254 > sed -n -e '\#^gem_rake_version=# { s#^gem_rake_version=##;; p; }' -e '/^$/d'
+ /scripts/functions/db : __rvm_db()  34 > value=
+ /scripts/functions/db : __rvm_db()  36 > [[ -z '' ]]
+ /scripts/functions/db : __rvm_db()  36 > [[ -f /home/cabox/.rvm/config/db ]]
++ /scripts/functions/db : __rvm_db()  37 > __rvm_db_ /home/cabox/.rvm/config/db gem_rake_version
++ /scripts/functions/db : __rvm_db_()  78 > typeset __db __key __value
++ /scripts/functions/db : __rvm_db_()  79 > __db=/home/cabox/.rvm/config/db
++ /scripts/functions/db : __rvm_db_()  80 > __key=gem_rake_version
++ /scripts/functions/db : __rvm_db_()  81 > shift 2
++ /scripts/functions/db : __rvm_db_()  82 > __value=
++ /scripts/functions/db : __rvm_db_()  83 > case "${__value}" in
++ /scripts/functions/db : __rvm_db_()  88 > __rvm_db_get /home/cabox/.rvm/config/db gem_rake_version
++ /scripts/functions/db : __rvm_db_get()  70 > [[ -f /home/cabox/.rvm/config/db ]]
++ /scripts/functions/db : __rvm_db_get()  71 > __rvm_sed -n -e '\#^gem_rake_version=# { s#^gem_rake_version=##;; p; }' -e '/^$/d'
++ /scripts/functions/support : __rvm_sed()  254 > sed -n -e '\#^gem_rake_version=# { s#^gem_rake_version=##;; p; }' -e '/^$/d'
+ /scripts/functions/db : __rvm_db()  37 > value=
+ /scripts/functions/db : __rvm_db()  39 > [[ -n '' ]]
+ /scripts/functions/db : __rvm_db()  39 > return 1
+ /scripts/functions/gemset : gem_install()  147 > ((  0 == 0  ))
+ /scripts/functions/gemset : gem_install()  147 > is_gem_installed
+ /scripts/functions/gemset : is_gem_installed()  119 > typeset gem_spec
+ /scripts/functions/gemset : is_gem_installed()  120 > gem_spec='gem '\''rake'\'''
+ /scripts/functions/gemset : is_gem_installed()  122 > [[ -n '' ]]
+ /scripts/functions/gemset : is_gem_installed()  127 > version_check='*([[:digit:]\.])'
+ /scripts/functions/gemset : is_gem_installed()  129 > ls -ld /home/cabox/.rvm/gems/ruby-2.1.2@global/gems/rake-10.1.0
+ /scripts/functions/gemset : gem_install()  149 > rvm_log 'gem rake  is already installed'
+ /scripts/functions/logging : rvm_log()  163 > rvm_pretty_print stdout
+ /scripts/functions/logging : rvm_pretty_print()  73 > case "${rvm_pretty_print_flag:=auto}" in
+ /scripts/functions/logging : rvm_pretty_print()  78 > case "${TERM:-dumb}" in
+ /scripts/functions/logging : rvm_pretty_print()  81 > case "$1" in
+ /scripts/functions/logging : rvm_pretty_print()  82 > [[ -t 1 ]]
+ /scripts/functions/logging : rvm_pretty_print()  82 > return 1
+ /scripts/functions/logging : rvm_log()  165 > printf %b 'gem rake  is already installed\n'
gem rake  is already installed
+ /scripts/functions/gemset : gem_install()  150 > return 0
+ /scripts/functions/gemset : gemset_import_list()  228 > for line in '"$@"'
+ /scripts/functions/gemset : gemset_import_list()  229 > gem_install rvm
+ /scripts/functions/gemset : gem_install()  137 > typeset gem_name gem_version version_check
+ /scripts/functions/gemset : gem_install()  139 > gem_version=
+ /scripts/functions/gemset : gem_install()  140 > __rvm_parse_gems_args rvm
+ /scripts/functions/gemset : __rvm_parse_gems_args()  94 > typeset gem=rvm
+ /scripts/functions/gemset : __rvm_parse_gems_args()  96 > __rvm_string_match rvm '*.gem$'
+ /scripts/functions/support : __rvm_string_match()  35 > typeset _string
+ /scripts/functions/support : __rvm_string_match()  36 > _string=rvm
+ /scripts/functions/support : __rvm_string_match()  37 > shift
+ /scripts/functions/support : __rvm_string_match()  38 > ((  1  ))
+ /scripts/functions/support : __rvm_string_match()  40 > case "${_string}" in
+ /scripts/functions/support : __rvm_string_match()  43 > shift
+ /scripts/functions/support : __rvm_string_match()  38 > ((  0  ))
+ /scripts/functions/support : __rvm_string_match()  45 > return 1
+ /scripts/functions/gemset : __rvm_parse_gems_args()  101 > gem_name=rvm
+ /scripts/functions/gemset : __rvm_parse_gems_args()  102 > case "$gem" in
+ /scripts/functions/gemset : gem_install()  142 > [[ -z '' ]]
+ /scripts/functions/gemset : gem_install()  143 > __rvm_db gem_rvm_version gem_version
+ /scripts/functions/db : __rvm_db()  27 > typeset value key variable
+ /scripts/functions/db : __rvm_db()  28 > key=gem_rvm_version
+ /scripts/functions/db : __rvm_db()  29 > key=gem_rvm_version
+ /scripts/functions/db : __rvm_db()  30 > variable=gem_version
+ /scripts/functions/db : __rvm_db()  31 > value=
+ /scripts/functions/db : __rvm_db()  33 > [[ -f /home/cabox/.rvm/user/db ]]
++ /scripts/functions/db : __rvm_db()  34 > __rvm_db_ /home/cabox/.rvm/user/db gem_rvm_version
++ /scripts/functions/db : __rvm_db_()  78 > typeset __db __key __value
++ /scripts/functions/db : __rvm_db_()  79 > __db=/home/cabox/.rvm/user/db
++ /scripts/functions/db : __rvm_db_()  80 > __key=gem_rvm_version
++ /scripts/functions/db : __rvm_db_()  81 > shift 2
++ /scripts/functions/db : __rvm_db_()  82 > __value=
++ /scripts/functions/db : __rvm_db_()  83 > case "${__value}" in
++ /scripts/functions/db : __rvm_db_()  88 > __rvm_db_get /home/cabox/.rvm/user/db gem_rvm_version
++ /scripts/functions/db : __rvm_db_get()  70 > [[ -f /home/cabox/.rvm/user/db ]]
++ /scripts/functions/db : __rvm_db_get()  71 > __rvm_sed -n -e '\#^gem_rvm_version=# { s#^gem_rvm_version=##;; p; }' -e '/^$/d'
++ /scripts/functions/support : __rvm_sed()  254 > sed -n -e '\#^gem_rvm_version=# { s#^gem_rvm_version=##;; p; }' -e '/^$/d'
+ /scripts/functions/db : __rvm_db()  34 > value=
+ /scripts/functions/db : __rvm_db()  36 > [[ -z '' ]]
+ /scripts/functions/db : __rvm_db()  36 > [[ -f /home/cabox/.rvm/config/db ]]
++ /scripts/functions/db : __rvm_db()  37 > __rvm_db_ /home/cabox/.rvm/config/db gem_rvm_version
++ /scripts/functions/db : __rvm_db_()  78 > typeset __db __key __value
++ /scripts/functions/db : __rvm_db_()  79 > __db=/home/cabox/.rvm/config/db
++ /scripts/functions/db : __rvm_db_()  80 > __key=gem_rvm_version
++ /scripts/functions/db : __rvm_db_()  81 > shift 2
++ /scripts/functions/db : __rvm_db_()  82 > __value=
++ /scripts/functions/db : __rvm_db_()  83 > case "${__value}" in
++ /scripts/functions/db : __rvm_db_()  88 > __rvm_db_get /home/cabox/.rvm/config/db gem_rvm_version
++ /scripts/functions/db : __rvm_db_get()  70 > [[ -f /home/cabox/.rvm/config/db ]]
++ /scripts/functions/db : __rvm_db_get()  71 > __rvm_sed -n -e '\#^gem_rvm_version=# { s#^gem_rvm_version=##;; p; }' -e '/^$/d'
++ /scripts/functions/support : __rvm_sed()  254 > sed -n -e '\#^gem_rvm_version=# { s#^gem_rvm_version=##;; p; }' -e '/^$/d'
+ /scripts/functions/db : __rvm_db()  37 > value=
+ /scripts/functions/db : __rvm_db()  39 > [[ -n '' ]]
+ /scripts/functions/db : __rvm_db()  39 > return 1
+ /scripts/functions/gemset : gem_install()  147 > ((  0 == 0  ))
+ /scripts/functions/gemset : gem_install()  147 > is_gem_installed
+ /scripts/functions/gemset : is_gem_installed()  119 > typeset gem_spec
+ /scripts/functions/gemset : is_gem_installed()  120 > gem_spec='gem '\''rvm'\'''
+ /scripts/functions/gemset : is_gem_installed()  122 > [[ -n '' ]]
+ /scripts/functions/gemset : is_gem_installed()  127 > version_check='*([[:digit:]\.])'
+ /scripts/functions/gemset : is_gem_installed()  129 > ls -ld /home/cabox/.rvm/gems/ruby-2.1.2@global/gems/rvm-1.11.3.9
+ /scripts/functions/gemset : gem_install()  149 > rvm_log 'gem rvm  is already installed'
+ /scripts/functions/logging : rvm_log()  163 > rvm_pretty_print stdout
+ /scripts/functions/logging : rvm_pretty_print()  73 > case "${rvm_pretty_print_flag:=auto}" in
+ /scripts/functions/logging : rvm_pretty_print()  78 > case "${TERM:-dumb}" in
+ /scripts/functions/logging : rvm_pretty_print()  81 > case "$1" in
+ /scripts/functions/logging : rvm_pretty_print()  82 > [[ -t 1 ]]
+ /scripts/functions/logging : rvm_pretty_print()  82 > return 1
+ /scripts/functions/logging : rvm_log()  165 > printf %b 'gem rvm  is already installed\n'
gem rvm  is already installed
+ /scripts/functions/gemset : gem_install()  150 > return 0
