[2014-09-16 09:17:45] requirements_debian_update_system
requirements_debian_update_system () 
{ 
    __rvm_try_sudo apt-get --quiet --yes update || { 
        typeset __ret=$?;
        case ${__ret} in 
            100)
                rvm_error "There has been error while updating 'apt-get', please give it some time and try again later.
For 404 errors check your sources configured in:
    /etc/apt/sources.list
    /etc/apt/sources.list.d/*.list
"
            ;;
        esac;
        return ${__ret}
    }
}
current path: /home/cabox/.rvm/src/rvm
PATH=/usr/local/sbin:/usr/local/bin:/usr/sbin:/usr/bin:/sbin:/bin:/usr/games:/usr/local/games:/home/cabox/.rvm/bin
command(2): requirements_debian_update_system ruby-2.1.2
++ /scripts/functions/requirements/ubuntu : requirements_debian_update_system()  41 > __rvm_try_sudo apt-get --quiet --yes update
++ /scripts/functions/utility : __rvm_try_sudo()  358 > typeset -a command_to_run
++ /scripts/functions/utility : __rvm_try_sudo()  359 > typeset sudo_path sbin_path missing_paths
++ /scripts/functions/utility : __rvm_try_sudo()  360 > command_to_run=("$@")
++ /scripts/functions/utility : __rvm_try_sudo()  361 > ((  UID == 0  ))
++ /scripts/functions/utility : __rvm_try_sudo()  362 > case "$rvm_autolibs_flag_number" in
++ /scripts/functions/utility : __rvm_try_sudo()  377 > is_a_function __rvm_sudo
++ /scripts/functions/support : is_a_function()  5 > typeset -f __rvm_sudo
++ /scripts/functions/utility : __rvm_try_sudo()  379 > missing_paths=
++ /scripts/functions/utility : __rvm_try_sudo()  380 > for sbin_path in /sbin /usr/sbin /usr/local/sbin
++ /scripts/functions/utility : __rvm_try_sudo()  382 > [[ -d /sbin ]]
++ /scripts/functions/utility : __rvm_try_sudo()  382 > [[ ! :/usr/local/sbin:/usr/local/bin:/usr/sbin:/usr/bin:/sbin:/bin:/usr/games:/usr/local/games:/home/cabox/.rvm/bin: =~ :/sbin: ]]
++ /scripts/functions/utility : __rvm_try_sudo()  380 > for sbin_path in /sbin /usr/sbin /usr/local/sbin
++ /scripts/functions/utility : __rvm_try_sudo()  382 > [[ -d /usr/sbin ]]
++ /scripts/functions/utility : __rvm_try_sudo()  382 > [[ ! :/usr/local/sbin:/usr/local/bin:/usr/sbin:/usr/bin:/sbin:/bin:/usr/games:/usr/local/games:/home/cabox/.rvm/bin: =~ :/usr/sbin: ]]
++ /scripts/functions/utility : __rvm_try_sudo()  380 > for sbin_path in /sbin /usr/sbin /usr/local/sbin
++ /scripts/functions/utility : __rvm_try_sudo()  382 > [[ -d /usr/local/sbin ]]
++ /scripts/functions/utility : __rvm_try_sudo()  382 > [[ ! :/usr/local/sbin:/usr/local/bin:/usr/sbin:/usr/bin:/sbin:/bin:/usr/games:/usr/local/games:/home/cabox/.rvm/bin: =~ :/usr/local/sbin: ]]
++ /scripts/functions/utility : __rvm_try_sudo()  386 > [[ -n '' ]]
++ /scripts/functions/utility : __rvm_try_sudo()  389 > command_to_run=(__rvm_sudo -p "%p password required for '$*': " "${command_to_run[@]}")
++ /scripts/functions/utility : __rvm_try_sudo()  396 > __rvm_sudo -p '%p password required for '\''apt-get --quiet --yes update'\'': ' apt-get --quiet --yes update
++ /scripts/functions/support : __rvm_sudo()  304 > command sudo -p '%p password required for '\''apt-get --quiet --yes update'\'': ' apt-get --quiet --yes update
++ /scripts/functions/support : __rvm_sudo()  304 > sudo -p '%p password required for '\''apt-get --quiet --yes update'\'': ' apt-get --quiet --yes update
sudo: unable to resolve host covz2
Ign http://archive.canonical.com trusty InRelease
Ign http://security.ubuntu.com trusty-security InRelease
Ign http://archive.ubuntu.com trusty InRelease
Hit http://archive.canonical.com trusty Release.gpg
Get:1 http://security.ubuntu.com trusty-security Release.gpg [933 B]
Ign http://archive.ubuntu.com trusty-updates InRelease
Hit http://archive.canonical.com trusty Release
Hit http://archive.ubuntu.com trusty Release.gpg
Get:2 http://security.ubuntu.com trusty-security Release [59.7 kB]
Get:3 http://archive.ubuntu.com trusty-updates Release.gpg [933 B]
Hit http://archive.canonical.com trusty/partner amd64 Packages
Hit http://archive.ubuntu.com trusty Release
Hit http://archive.canonical.com trusty/partner i386 Packages
Get:4 http://security.ubuntu.com trusty-security/main amd64 Packages [141 kB]
Get:5 http://archive.ubuntu.com trusty-updates Release [59.7 kB]
Hit http://archive.canonical.com trusty/partner Translation-en
Hit http://archive.ubuntu.com trusty/main amd64 Packages
Hit http://archive.ubuntu.com trusty/restricted amd64 Packages
Hit http://archive.ubuntu.com trusty/universe amd64 Packages
Hit http://archive.ubuntu.com trusty/main i386 Packages
Hit http://archive.ubuntu.com trusty/restricted i386 Packages
Get:6 http://security.ubuntu.com trusty-security/restricted amd64 Packages [14 B]
Hit http://archive.ubuntu.com trusty/universe i386 Packages
Get:7 http://security.ubuntu.com trusty-security/universe amd64 Packages [47.2 kB]
Hit http://archive.ubuntu.com trusty/main Translation-en
Hit http://archive.ubuntu.com trusty/restricted Translation-en
Get:8 http://security.ubuntu.com trusty-security/multiverse amd64 Packages [1148 B]
Hit http://archive.ubuntu.com trusty/universe Translation-en
Get:9 http://security.ubuntu.com trusty-security/main i386 Packages [134 kB]
Get:10 http://archive.ubuntu.com trusty-updates/main amd64 Packages [319 kB]
Get:11 http://security.ubuntu.com trusty-security/restricted i386 Packages [14 B]
Get:12 http://security.ubuntu.com trusty-security/universe i386 Packages [47.2 kB]
Get:13 http://security.ubuntu.com trusty-security/multiverse i386 Packages [1398 B]
Get:14 http://security.ubuntu.com trusty-security/main Translation-en [68.0 kB]
Get:15 http://archive.ubuntu.com trusty-updates/restricted amd64 Packages [5820 B]
Hit http://security.ubuntu.com trusty-security/multiverse Translation-en
Get:16 http://archive.ubuntu.com trusty-updates/universe amd64 Packages [202 kB]
Hit http://security.ubuntu.com trusty-security/restricted Translation-en
Hit http://security.ubuntu.com trusty-security/universe Translation-en
Get:17 http://archive.ubuntu.com trusty-updates/main i386 Packages [314 kB]
Get:18 http://archive.ubuntu.com trusty-updates/restricted i386 Packages [5820 B]
Get:19 http://archive.ubuntu.com trusty-updates/universe i386 Packages [202 kB]
Get:20 http://archive.ubuntu.com trusty-updates/main Translation-en [143 kB]
Hit http://archive.ubuntu.com trusty-updates/restricted Translation-en
Get:21 http://archive.ubuntu.com trusty-updates/universe Translation-en [101 kB]
Fetched 1854 kB in 6s (287 kB/s)
Reading package lists...
