[2017-12-05 09:18:29] alias_create_exceute
alias_create_exceute () 
{ 
    for _path in "$rvm_rubies_path" "$rvm_environments_path" "$rvm_wrappers_path";
    do
        if [[ -L "$_path/$alias_name" ]]; then
            \command \rm -fv "$_path/$alias_name" || return $?;
        fi;
        \command \ln -fs "$_path/$rvm_ruby_string" "$_path/$alias_name" || return $?;
    done;
    __rvm_db_ "$rvm_path/config/alias" "$alias_name" "$rvm_ruby_string"
}
current path: /home/cabox/workspace
GEM_HOME=/home/cabox/.rvm/gems/ruby-2.3.4
PATH=/home/cabox/.rvm/gems/ruby-2.3.4/bin:/home/cabox/.rvm/gems/ruby-2.3.4@global/bin:/home/cabox/.rvm/rubies/ruby-2.3.4/bin:/home/cabox/.rvm/bin:/usr/local/sbin:/usr/local/bin:/usr/sbin:/usr/bin:/sbin:/bin:/usr/games
GEM_PATH=/home/cabox/.rvm/gems/ruby-2.3.4:/home/cabox/.rvm/gems/ruby-2.3.4@global
command(1): alias_create_exceute
+ for _path in '"$rvm_rubies_path"' '"$rvm_environments_path"' '"$rvm_wrappers_path"'
+ [[ -L /home/cabox/.rvm/rubies/default ]]
+ command ln -fs /home/cabox/.rvm/rubies/ruby-2.3.4 /home/cabox/.rvm/rubies/default
+ ln -fs /home/cabox/.rvm/rubies/ruby-2.3.4 /home/cabox/.rvm/rubies/default
+ for _path in '"$rvm_rubies_path"' '"$rvm_environments_path"' '"$rvm_wrappers_path"'
+ [[ -L /home/cabox/.rvm/environments/default ]]
+ command ln -fs /home/cabox/.rvm/environments/ruby-2.3.4 /home/cabox/.rvm/environments/default
+ ln -fs /home/cabox/.rvm/environments/ruby-2.3.4 /home/cabox/.rvm/environments/default
+ for _path in '"$rvm_rubies_path"' '"$rvm_environments_path"' '"$rvm_wrappers_path"'
+ [[ -L /home/cabox/.rvm/wrappers/default ]]
+ command ln -fs /home/cabox/.rvm/wrappers/ruby-2.3.4 /home/cabox/.rvm/wrappers/default
+ ln -fs /home/cabox/.rvm/wrappers/ruby-2.3.4 /home/cabox/.rvm/wrappers/default
+ __rvm_db_ /home/cabox/.rvm/config/alias default ruby-2.3.4
+ typeset __db __key __value
+ __db=/home/cabox/.rvm/config/alias
+ __key=default
+ shift 2
+ __value=ruby-2.3.4
+ case "${__value}" in
+ __rvm_db_add /home/cabox/.rvm/config/alias default ruby-2.3.4
+ typeset __dir=/home/cabox/.rvm/config
+ [[ -f /home/cabox/.rvm/config/alias ]]
+ __rvm_db_remove /home/cabox/.rvm/config/alias default
+ [[ -f /home/cabox/.rvm/config/alias ]]
+ __rvm_sed -e '\#^default=# d' -e '/^$/d' /home/cabox/.rvm/config/alias
+ sed -e '\#^default=# d' -e '/^$/d' /home/cabox/.rvm/config/alias
+ command mv -f /home/cabox/.rvm/config/alias.new /home/cabox/.rvm/config/alias
+ mv -f /home/cabox/.rvm/config/alias.new /home/cabox/.rvm/config/alias
+ printf '%b=%b\n' default ruby-2.3.4
