[2017-12-05 09:16:47] gemset_import_list
gemset_import_list () 
{ 
    typeset line;
    for line in "$@";
    do
        gem_install $line || rvm_error "there was an error installing gem $line";
    done
}
current path: /home/cabox/workspace
GEM_HOME=/home/cabox/.rvm/gems/ruby-2.3.4@global
PATH=/home/cabox/.rvm/gems/ruby-2.3.4@global/bin:/home/cabox/.rvm/rubies/ruby-2.3.4/bin:/home/cabox/.rvm/bin:/usr/local/sbin:/usr/local/bin:/usr/sbin:/usr/bin:/sbin:/bin:/usr/games
GEM_PATH=/home/cabox/.rvm/gems/ruby-2.3.4@global
command(6): gemset_import_list gem-wrappers rubygems-bundler bundler rake rvm
+ typeset line
+ for line in '"$@"'
+ gem_install gem-wrappers
+ typeset gem_name gem_version version_check
+ gem_version=
+ __rvm_parse_gems_args gem-wrappers
+ typeset gem=gem-wrappers
+ __rvm_string_match gem-wrappers '*.gem$'
+ typeset _string
+ _string=gem-wrappers
+ shift
+ ((  1  ))
+ case "${_string}" in
+ shift
+ ((  0  ))
+ return 1
+ gem_name=gem-wrappers
+ case "$gem" in
+ [[ -z '' ]]
+ __rvm_db gem_gem-wrappers_version gem_version
+ typeset value key variable
+ key=gem_gem-wrappers_version
+ key=gem_gem-wrappers_version
+ variable=gem_version
+ value=
+ [[ -f /home/cabox/.rvm/user/db ]]
++ __rvm_db_ /home/cabox/.rvm/user/db gem_gem-wrappers_version
++ typeset __db __key __value
++ __db=/home/cabox/.rvm/user/db
++ __key=gem_gem-wrappers_version
++ shift 2
++ __value=
++ case "${__value}" in
++ __rvm_db_get /home/cabox/.rvm/user/db gem_gem-wrappers_version
++ [[ -f /home/cabox/.rvm/user/db ]]
++ __rvm_sed -n -e '\#^gem_gem-wrappers_version=# { s#^gem_gem-wrappers_version=##;; p; }' -e '/^$/d'
++ sed -n -e '\#^gem_gem-wrappers_version=# { s#^gem_gem-wrappers_version=##;; p; }' -e '/^$/d'
+ value=
+ [[ -z '' ]]
+ [[ -f /home/cabox/.rvm/config/db ]]
++ __rvm_db_ /home/cabox/.rvm/config/db gem_gem-wrappers_version
++ typeset __db __key __value
++ __db=/home/cabox/.rvm/config/db
++ __key=gem_gem-wrappers_version
++ shift 2
++ __value=
++ case "${__value}" in
++ __rvm_db_get /home/cabox/.rvm/config/db gem_gem-wrappers_version
++ [[ -f /home/cabox/.rvm/config/db ]]
++ __rvm_sed -n -e '\#^gem_gem-wrappers_version=# { s#^gem_gem-wrappers_version=##;; p; }' -e '/^$/d'
++ sed -n -e '\#^gem_gem-wrappers_version=# { s#^gem_gem-wrappers_version=##;; p; }' -e '/^$/d'
+ value='>=1.2.4'
+ [[ -n >=1.2.4 ]]
+ [[ -n gem_version ]]
+ eval 'gem_version='\''>=1.2.4'\'''
++ gem_version='>=1.2.4'
+ true
+ ((  0 == 0  ))
+ is_gem_installed
+ typeset gem_spec
+ gem_spec='gem '\''gem-wrappers'\'''
+ [[ -n >=1.2.4 ]]
+ gem_spec+=', '\''>=1.2.4'\'''
+ version_check=1.2.4
+ ls -ld /home/cabox/.rvm/gems/ruby-2.3.4@global/gems/gem-wrappers-1.2.4
+ /home/cabox/.rvm/rubies/ruby-2.3.4/bin/ruby -rrubygems -e 'gem '\''gem-wrappers'\'', '\''>=1.2.4'\'''
+ rvm_log 'gem gem-wrappers >=1.2.4 is already installed'
+ rvm_pretty_print stdout
+ case "${rvm_pretty_print_flag:=auto}" in
+ case "${TERM:-dumb}" in
+ case "$1" in
+ [[ -t 1 ]]
+ return 1
+ printf %b 'gem gem-wrappers >=1.2.4 is already installed\n'
gem gem-wrappers >=1.2.4 is already installed
+ return 0
+ for line in '"$@"'
+ gem_install rubygems-bundler
+ typeset gem_name gem_version version_check
+ gem_version=
+ __rvm_parse_gems_args rubygems-bundler
+ typeset gem=rubygems-bundler
+ __rvm_string_match rubygems-bundler '*.gem$'
+ typeset _string
+ _string=rubygems-bundler
+ shift
+ ((  1  ))
+ case "${_string}" in
+ shift
+ ((  0  ))
+ return 1
+ gem_name=rubygems-bundler
+ case "$gem" in
+ [[ -z '' ]]
+ __rvm_db gem_rubygems-bundler_version gem_version
+ typeset value key variable
+ key=gem_rubygems-bundler_version
+ key=gem_rubygems-bundler_version
+ variable=gem_version
+ value=
+ [[ -f /home/cabox/.rvm/user/db ]]
++ __rvm_db_ /home/cabox/.rvm/user/db gem_rubygems-bundler_version
++ typeset __db __key __value
++ __db=/home/cabox/.rvm/user/db
++ __key=gem_rubygems-bundler_version
++ shift 2
++ __value=
++ case "${__value}" in
++ __rvm_db_get /home/cabox/.rvm/user/db gem_rubygems-bundler_version
++ [[ -f /home/cabox/.rvm/user/db ]]
++ __rvm_sed -n -e '\#^gem_rubygems-bundler_version=# { s#^gem_rubygems-bundler_version=##;; p; }' -e '/^$/d'
++ sed -n -e '\#^gem_rubygems-bundler_version=# { s#^gem_rubygems-bundler_version=##;; p; }' -e '/^$/d'
+ value=
+ [[ -z '' ]]
+ [[ -f /home/cabox/.rvm/config/db ]]
++ __rvm_db_ /home/cabox/.rvm/config/db gem_rubygems-bundler_version
++ typeset __db __key __value
++ __db=/home/cabox/.rvm/config/db
++ __key=gem_rubygems-bundler_version
++ shift 2
++ __value=
++ case "${__value}" in
++ __rvm_db_get /home/cabox/.rvm/config/db gem_rubygems-bundler_version
++ [[ -f /home/cabox/.rvm/config/db ]]
++ __rvm_sed -n -e '\#^gem_rubygems-bundler_version=# { s#^gem_rubygems-bundler_version=##;; p; }' -e '/^$/d'
++ sed -n -e '\#^gem_rubygems-bundler_version=# { s#^gem_rubygems-bundler_version=##;; p; }' -e '/^$/d'
+ value=
+ [[ -n '' ]]
+ return 1
+ ((  0 == 0  ))
+ is_gem_installed
+ typeset gem_spec
+ gem_spec='gem '\''rubygems-bundler'\'''
+ [[ -n '' ]]
+ version_check='*([[:digit:]\.])'
+ ls -ld '/home/cabox/.rvm/gems/ruby-2.3.4@global/gems/rubygems-bundler-*([[:digit:]\.])'
+ /home/cabox/.rvm/rubies/ruby-2.3.4/bin/ruby -rrubygems -e 'gem '\''rubygems-bundler'\'''
+ return 1
+ gem_install_force
+ typeset __available_gem
+ typeset -a install_params
+ install_params=()
++ tail -n 1
++ ls -v1 '/home/cabox/.rvm/gem-cache/rubygems-bundler-*([[:digit:]\.]).gem'
+ __available_gem=
+ [[ -n '' ]]
+ [[ -n '' ]]
+ install_params+=(--no-ri --no-rdoc $rvm_gem_options)
+ __rvm_log_command gem.install.rubygems-bundler 'installing gem rubygems-bundler --no-ri --no-rdoc' command gem install rubygems-bundler --no-ri --no-rdoc
+ typeset name message _command_start _command_name
+ typeset -a _command
+ name=gem.install.rubygems-bundler
+ message='installing gem rubygems-bundler --no-ri --no-rdoc'
+ shift 2
+ _command=("$@")
+ _command_start=command
+ ((  6  ))
+ [[ command =~ = ]]
+ _command_name=command
+ [[ ! command =~ = ]]
+ __function_on_stack __rvm_log_command_internal
+ __rvm_string_includes '__function_on_stack __rvm_log_command gem_install_force gem_install gemset_import_list __rvm_log_dotted __rvm_log_command_internal __rvm_log_command gemset_import gemset_initial __rvm_with gemset_create __rvm_initial_gemsets_create_without_rubygems external_import_setup external_import main' __rvm_log_command_internal
+ typeset __search '__text=__function_on_stack __rvm_log_command gem_install_force gem_install gemset_import_list __rvm_log_dotted __rvm_log_command_internal __rvm_log_command gemset_import gemset_initial __rvm_with gemset_create __rvm_initial_gemsets_create_without_rubygems external_import_setup external_import main'
+ shift
+ for __search in '"$@"'
+ [[  __function_on_stack __rvm_log_command gem_install_force gem_install gemset_import_list __rvm_log_dotted __rvm_log_command_internal __rvm_log_command gemset_import gemset_initial __rvm_with gemset_create __rvm_initial_gemsets_create_without_rubygems external_import_setup external_import main  =~  __rvm_log_command_internal  ]]
+ return 0
+ __rvm_log_command_simple command gem install rubygems-bundler --no-ri --no-rdoc
+ __rvm_log_command_debug
++ __rvm_date '+%Y-%m-%d %H:%M:%S'
++ date '+%Y-%m-%d %H:%M:%S'
+ printf %b '[2017-12-05 09:16:48] command\n'
[2017-12-05 09:16:48] command
+ is_a_function command
+ typeset -f command
+ return 1
+ printf %b 'current path: /home/cabox/workspace\n'
current path: /home/cabox/workspace
+ env
+ grep -E '^GEM_HOME=|^GEM_PATH=|^PATH='
GEM_HOME=/home/cabox/.rvm/gems/ruby-2.3.4@global
PATH=/home/cabox/.rvm/gems/ruby-2.3.4@global/bin:/home/cabox/.rvm/rubies/ruby-2.3.4/bin:/home/cabox/.rvm/bin:/usr/local/sbin:/usr/local/bin:/usr/sbin:/usr/bin:/sbin:/bin:/usr/games
GEM_PATH=/home/cabox/.rvm/gems/ruby-2.3.4@global
+ printf %b 'command(6): command gem install rubygems-bundler --no-ri --no-rdoc\n'
command(6): command gem install rubygems-bundler --no-ri --no-rdoc
+ rvm_log 'installing gem rubygems-bundler --no-ri --no-rdoc'
+ rvm_pretty_print stdout
+ case "${rvm_pretty_print_flag:=auto}" in
+ case "${TERM:-dumb}" in
+ case "$1" in
+ [[ -t 1 ]]
+ return 1
+ printf %b 'installing gem rubygems-bundler --no-ri --no-rdoc\n'
installing gem rubygems-bundler --no-ri --no-rdoc
+ command gem install rubygems-bundler --no-ri --no-rdoc
+ gem install rubygems-bundler --no-ri --no-rdoc
Successfully installed rubygems-bundler-1.4.4
1 gem installed
+ true
+ for line in '"$@"'
+ gem_install bundler
+ typeset gem_name gem_version version_check
+ gem_version=
+ __rvm_parse_gems_args bundler
+ typeset gem=bundler
+ __rvm_string_match bundler '*.gem$'
+ typeset _string
+ _string=bundler
+ shift
+ ((  1  ))
+ case "${_string}" in
+ shift
+ ((  0  ))
+ return 1
+ gem_name=bundler
+ case "$gem" in
+ [[ -z '' ]]
+ __rvm_db gem_bundler_version gem_version
+ typeset value key variable
+ key=gem_bundler_version
+ key=gem_bundler_version
+ variable=gem_version
+ value=
+ [[ -f /home/cabox/.rvm/user/db ]]
++ __rvm_db_ /home/cabox/.rvm/user/db gem_bundler_version
++ typeset __db __key __value
++ __db=/home/cabox/.rvm/user/db
++ __key=gem_bundler_version
++ shift 2
++ __value=
++ case "${__value}" in
++ __rvm_db_get /home/cabox/.rvm/user/db gem_bundler_version
++ [[ -f /home/cabox/.rvm/user/db ]]
++ __rvm_sed -n -e '\#^gem_bundler_version=# { s#^gem_bundler_version=##;; p; }' -e '/^$/d'
++ sed -n -e '\#^gem_bundler_version=# { s#^gem_bundler_version=##;; p; }' -e '/^$/d'
+ value=
+ [[ -z '' ]]
+ [[ -f /home/cabox/.rvm/config/db ]]
++ __rvm_db_ /home/cabox/.rvm/config/db gem_bundler_version
++ typeset __db __key __value
++ __db=/home/cabox/.rvm/config/db
++ __key=gem_bundler_version
++ shift 2
++ __value=
++ case "${__value}" in
++ __rvm_db_get /home/cabox/.rvm/config/db gem_bundler_version
++ [[ -f /home/cabox/.rvm/config/db ]]
++ __rvm_sed -n -e '\#^gem_bundler_version=# { s#^gem_bundler_version=##;; p; }' -e '/^$/d'
++ sed -n -e '\#^gem_bundler_version=# { s#^gem_bundler_version=##;; p; }' -e '/^$/d'
+ value=
+ [[ -n '' ]]
+ return 1
+ ((  0 == 0  ))
+ is_gem_installed
+ typeset gem_spec
+ gem_spec='gem '\''bundler'\'''
+ [[ -n '' ]]
+ version_check='*([[:digit:]\.])'
+ ls -ld '/home/cabox/.rvm/gems/ruby-2.3.4@global/gems/bundler-*([[:digit:]\.])'
+ /home/cabox/.rvm/rubies/ruby-2.3.4/bin/ruby -rrubygems -e 'gem '\''bundler'\'''
+ return 1
+ gem_install_force
+ typeset __available_gem
+ typeset -a install_params
+ install_params=()
++ tail -n 1
++ ls -v1 '/home/cabox/.rvm/gem-cache/bundler-*([[:digit:]\.]).gem'
+ __available_gem=
+ [[ -n '' ]]
+ [[ -n '' ]]
+ install_params+=(--no-ri --no-rdoc $rvm_gem_options)
+ __rvm_log_command gem.install.bundler 'installing gem bundler --no-ri --no-rdoc' command gem install bundler --no-ri --no-rdoc
+ typeset name message _command_start _command_name
+ typeset -a _command
+ name=gem.install.bundler
+ message='installing gem bundler --no-ri --no-rdoc'
+ shift 2
+ _command=("$@")
+ _command_start=command
+ ((  6  ))
+ [[ command =~ = ]]
+ _command_name=command
+ [[ ! command =~ = ]]
+ __function_on_stack __rvm_log_command_internal
+ __rvm_string_includes '__function_on_stack __rvm_log_command gem_install_force gem_install gemset_import_list __rvm_log_dotted __rvm_log_command_internal __rvm_log_command gemset_import gemset_initial __rvm_with gemset_create __rvm_initial_gemsets_create_without_rubygems external_import_setup external_import main' __rvm_log_command_internal
+ typeset __search '__text=__function_on_stack __rvm_log_command gem_install_force gem_install gemset_import_list __rvm_log_dotted __rvm_log_command_internal __rvm_log_command gemset_import gemset_initial __rvm_with gemset_create __rvm_initial_gemsets_create_without_rubygems external_import_setup external_import main'
+ shift
+ for __search in '"$@"'
+ [[  __function_on_stack __rvm_log_command gem_install_force gem_install gemset_import_list __rvm_log_dotted __rvm_log_command_internal __rvm_log_command gemset_import gemset_initial __rvm_with gemset_create __rvm_initial_gemsets_create_without_rubygems external_import_setup external_import main  =~  __rvm_log_command_internal  ]]
+ return 0
+ __rvm_log_command_simple command gem install bundler --no-ri --no-rdoc
+ __rvm_log_command_debug
++ __rvm_date '+%Y-%m-%d %H:%M:%S'
++ date '+%Y-%m-%d %H:%M:%S'
+ printf %b '[2017-12-05 09:16:48] command\n'
[2017-12-05 09:16:48] command
+ is_a_function command
+ typeset -f command
+ return 1
+ printf %b 'current path: /home/cabox/workspace\n'
current path: /home/cabox/workspace
+ grep -E '^GEM_HOME=|^GEM_PATH=|^PATH='
+ env
GEM_HOME=/home/cabox/.rvm/gems/ruby-2.3.4@global
PATH=/home/cabox/.rvm/gems/ruby-2.3.4@global/bin:/home/cabox/.rvm/rubies/ruby-2.3.4/bin:/home/cabox/.rvm/bin:/usr/local/sbin:/usr/local/bin:/usr/sbin:/usr/bin:/sbin:/bin:/usr/games
GEM_PATH=/home/cabox/.rvm/gems/ruby-2.3.4@global
+ printf %b 'command(6): command gem install bundler --no-ri --no-rdoc\n'
command(6): command gem install bundler --no-ri --no-rdoc
+ rvm_log 'installing gem bundler --no-ri --no-rdoc'
+ rvm_pretty_print stdout
+ case "${rvm_pretty_print_flag:=auto}" in
+ case "${TERM:-dumb}" in
+ case "$1" in
+ [[ -t 1 ]]
+ return 1
+ printf %b 'installing gem bundler --no-ri --no-rdoc\n'
installing gem bundler --no-ri --no-rdoc
+ command gem install bundler --no-ri --no-rdoc
+ gem install bundler --no-ri --no-rdoc
Successfully installed bundler-1.16.0
1 gem installed
+ true
+ for line in '"$@"'
+ gem_install rake
+ typeset gem_name gem_version version_check
+ gem_version=
+ __rvm_parse_gems_args rake
+ typeset gem=rake
+ __rvm_string_match rake '*.gem$'
+ typeset _string
+ _string=rake
+ shift
+ ((  1  ))
+ case "${_string}" in
+ shift
+ ((  0  ))
+ return 1
+ gem_name=rake
+ case "$gem" in
+ [[ -z '' ]]
+ __rvm_db gem_rake_version gem_version
+ typeset value key variable
+ key=gem_rake_version
+ key=gem_rake_version
+ variable=gem_version
+ value=
+ [[ -f /home/cabox/.rvm/user/db ]]
++ __rvm_db_ /home/cabox/.rvm/user/db gem_rake_version
++ typeset __db __key __value
++ __db=/home/cabox/.rvm/user/db
++ __key=gem_rake_version
++ shift 2
++ __value=
++ case "${__value}" in
++ __rvm_db_get /home/cabox/.rvm/user/db gem_rake_version
++ [[ -f /home/cabox/.rvm/user/db ]]
++ __rvm_sed -n -e '\#^gem_rake_version=# { s#^gem_rake_version=##;; p; }' -e '/^$/d'
++ sed -n -e '\#^gem_rake_version=# { s#^gem_rake_version=##;; p; }' -e '/^$/d'
+ value=
+ [[ -z '' ]]
+ [[ -f /home/cabox/.rvm/config/db ]]
++ __rvm_db_ /home/cabox/.rvm/config/db gem_rake_version
++ typeset __db __key __value
++ __db=/home/cabox/.rvm/config/db
++ __key=gem_rake_version
++ shift 2
++ __value=
++ case "${__value}" in
++ __rvm_db_get /home/cabox/.rvm/config/db gem_rake_version
++ [[ -f /home/cabox/.rvm/config/db ]]
++ __rvm_sed -n -e '\#^gem_rake_version=# { s#^gem_rake_version=##;; p; }' -e '/^$/d'
++ sed -n -e '\#^gem_rake_version=# { s#^gem_rake_version=##;; p; }' -e '/^$/d'
+ value=
+ [[ -n '' ]]
+ return 1
+ ((  0 == 0  ))
+ is_gem_installed
+ typeset gem_spec
+ gem_spec='gem '\''rake'\'''
+ [[ -n '' ]]
+ version_check='*([[:digit:]\.])'
+ ls -ld /home/cabox/.rvm/gems/ruby-2.3.4@global/gems/rake-10.4.2
+ rvm_log 'gem rake  is already installed'
+ rvm_pretty_print stdout
+ case "${rvm_pretty_print_flag:=auto}" in
+ case "${TERM:-dumb}" in
+ case "$1" in
+ [[ -t 1 ]]
+ return 1
+ printf %b 'gem rake  is already installed\n'
gem rake  is already installed
+ return 0
+ for line in '"$@"'
+ gem_install rvm
+ typeset gem_name gem_version version_check
+ gem_version=
+ __rvm_parse_gems_args rvm
+ typeset gem=rvm
+ __rvm_string_match rvm '*.gem$'
+ typeset _string
+ _string=rvm
+ shift
+ ((  1  ))
+ case "${_string}" in
+ shift
+ ((  0  ))
+ return 1
+ gem_name=rvm
+ case "$gem" in
+ [[ -z '' ]]
+ __rvm_db gem_rvm_version gem_version
+ typeset value key variable
+ key=gem_rvm_version
+ key=gem_rvm_version
+ variable=gem_version
+ value=
+ [[ -f /home/cabox/.rvm/user/db ]]
++ __rvm_db_ /home/cabox/.rvm/user/db gem_rvm_version
++ typeset __db __key __value
++ __db=/home/cabox/.rvm/user/db
++ __key=gem_rvm_version
++ shift 2
++ __value=
++ case "${__value}" in
++ __rvm_db_get /home/cabox/.rvm/user/db gem_rvm_version
++ [[ -f /home/cabox/.rvm/user/db ]]
++ __rvm_sed -n -e '\#^gem_rvm_version=# { s#^gem_rvm_version=##;; p; }' -e '/^$/d'
++ sed -n -e '\#^gem_rvm_version=# { s#^gem_rvm_version=##;; p; }' -e '/^$/d'
+ value=
+ [[ -z '' ]]
+ [[ -f /home/cabox/.rvm/config/db ]]
++ __rvm_db_ /home/cabox/.rvm/config/db gem_rvm_version
++ typeset __db __key __value
++ __db=/home/cabox/.rvm/config/db
++ __key=gem_rvm_version
++ shift 2
++ __value=
++ case "${__value}" in
++ __rvm_db_get /home/cabox/.rvm/config/db gem_rvm_version
++ [[ -f /home/cabox/.rvm/config/db ]]
++ __rvm_sed -n -e '\#^gem_rvm_version=# { s#^gem_rvm_version=##;; p; }' -e '/^$/d'
++ sed -n -e '\#^gem_rvm_version=# { s#^gem_rvm_version=##;; p; }' -e '/^$/d'
+ value=
+ [[ -n '' ]]
+ return 1
+ ((  0 == 0  ))
+ is_gem_installed
+ typeset gem_spec
+ gem_spec='gem '\''rvm'\'''
+ [[ -n '' ]]
+ version_check='*([[:digit:]\.])'
+ ls -ld /home/cabox/.rvm/gems/ruby-2.3.4@global/gems/rvm-1.11.3.9
+ rvm_log 'gem rvm  is already installed'
+ rvm_pretty_print stdout
+ case "${rvm_pretty_print_flag:=auto}" in
+ case "${TERM:-dumb}" in
+ case "$1" in
+ [[ -t 1 ]]
+ return 1
+ printf %b 'gem rvm  is already installed\n'
gem rvm  is already installed
+ return 0
